<?xml version="1.0" encoding="UTF-8"?>
<testng-results ignored="0" total="1" passed="1" failed="0" skipped="0">
  <reporter-output>
  </reporter-output>
  <suite started-at="2023-10-20T06:25:59 EDT" name="Amazon Automation" finished-at="2023-10-20T06:26:05 EDT" duration-ms="6579">
    <groups>
      <group name="CreateAccount">
        <method signature="TestNew.TC02()[pri:0, instance:automation.TestNew@3590fc5b]" name="TC02" class="automation.TestNew"/>
      </group> <!-- CreateAccount -->
    </groups>
    <test started-at="2023-10-20T06:25:59 EDT" name="System testing" finished-at="2023-10-20T06:26:05 EDT" duration-ms="6579">
      <class name="automation.TestNew">
        <test-method is-config="true" signature="Driver()[pri:0, instance:automation.TestNew@3590fc5b]" started-at="2023-10-20T06:25:59 EDT" name="Driver" finished-at="2023-10-20T06:25:59 EDT" duration-ms="25" status="PASS">
          <reporter-output>
          </reporter-output>
        </test-method> <!-- Driver -->
        <test-method is-config="true" signature="OpenBrowser()[pri:0, instance:automation.TestNew@3590fc5b]" started-at="2023-10-20T06:25:59 EDT" name="OpenBrowser" finished-at="2023-10-20T06:26:04 EDT" duration-ms="5230" status="PASS">
          <reporter-output>
          </reporter-output>
        </test-method> <!-- OpenBrowser -->
        <test-method signature="TC02()[pri:0, instance:automation.TestNew@3590fc5b]" started-at="2023-10-20T06:26:04 EDT" name="TC02" finished-at="2023-10-20T06:26:05 EDT" duration-ms="1180" status="PASS">
          <reporter-output>
          </reporter-output>
        </test-method> <!-- TC02 -->
        <test-method is-config="true" signature="CloseBrowser()[pri:0, instance:automation.TestNew@3590fc5b]" started-at="2023-10-20T06:26:05 EDT" name="CloseBrowser" finished-at="2023-10-20T06:26:05 EDT" duration-ms="111" status="PASS">
          <reporter-output>
          </reporter-output>
        </test-method> <!-- CloseBrowser -->
      </class> <!-- automation.TestNew -->
    </test> <!-- System testing -->
  </suite> <!-- Amazon Automation -->
</testng-results>
